Using pre-set license
Built from '2020.3/staging' branch; Version is '2020.3.25f1 (9b9180224418) revision 10195328'; Using compiler version '192528614'; Build Type 'Release'
OS: 'Windows 10  (10.0.18363) 64bit Professional' Language: 'zh' Physical Memory: 16319 MB
BatchMode: 1, IsHumanControllingUs: 0, StartBugReporterOnCrash: 0, Is64bit: 1, IsPro: 0

COMMAND LINE ARGUMENTS:
C:\Program Files\Unity\Hub\Editor\2020.3.25f1\Editor\Unity.exe
-adb2
-batchMode
-noUpm
-name
AssetImportWorker0
-projectPath
C:/Users/Appedu/Documents/GitHub/Unity_HC_TS_2DRunning_20211218_New/2DRunning
-logFile
Logs/AssetImportWorker0.log
-srvPort
62922
Successfully changed project path to: C:/Users/Appedu/Documents/GitHub/Unity_HC_TS_2DRunning_20211218_New/2DRunning
C:/Users/Appedu/Documents/GitHub/Unity_HC_TS_2DRunning_20211218_New/2DRunning
Using Asset Import Pipeline V2.
Refreshing native plugins compatible for Editor in 67.90 ms, found 3 plugins.
Preloading 0 native plugins for Editor in 0.00 ms.
Initialize engine version: 2020.3.25f1 (9b9180224418)
[Subsystems] Discovering subsystems at path C:/Program Files/Unity/Hub/Editor/2020.3.25f1/Editor/Data/Resources/UnitySubsystems
[Subsystems] Discovering subsystems at path C:/Users/Appedu/Documents/GitHub/Unity_HC_TS_2DRunning_20211218_New/2DRunning/Assets
GfxDevice: creating device client; threaded=0
Direct3D:
    Version:  Direct3D 11.0 [level 11.1]
    Renderer: NVIDIA Quadro P620 (ID=0x1cb6)
    Vendor:   
    VRAM:     1977 MB
    Driver:   30.0.14.7247
Initialize mono
Mono path[0] = 'C:/Program Files/Unity/Hub/Editor/2020.3.25f1/Editor/Data/Managed'
Mono path[1] = 'C:/Program Files/Unity/Hub/Editor/2020.3.25f1/Editor/Data/MonoBleedingEdge/lib/mono/unityjit'
Mono config path = 'C:/Program Files/Unity/Hub/Editor/2020.3.25f1/Editor/Data/MonoBleedingEdge/etc'
Using monoOptions --debugger-agent=transport=dt_socket,embedding=1,server=y,suspend=n,address=127.0.0.1:56860
Begin MonoManager ReloadAssembly
Registering precompiled unity dll's ...
Register platform support module: C:/Program Files/Unity/Hub/Editor/2020.3.25f1/Editor/Data/PlaybackEngines/WebGLSupport/UnityEditor.WebGL.Extensions.dll
Register platform support module: C:/Program Files/Unity/Hub/Editor/2020.3.25f1/Editor/Data/PlaybackEngines/WindowsStandaloneSupport/UnityEditor.WindowsStandalone.Extensions.dll
Registered in 0.001932 seconds.
Native extension for WindowsStandalone target not found
Native extension for WebGL target not found
Refreshing native plugins compatible for Editor in 63.50 ms, found 3 plugins.
Preloading 0 native plugins for Editor in 0.00 ms.
Mono: successfully reloaded assembly
- Completed reload, in  0.640 seconds
Domain Reload Profiling:
	ReloadAssembly (640ms)
		BeginReloadAssembly (57ms)
			ExecutionOrderSort (0ms)
			DisableScriptedObjects (0ms)
			BackupInstance (0ms)
			ReleaseScriptingObjects (0ms)
			CreateAndSetChildDomain (1ms)
		EndReloadAssembly (501ms)
			LoadAssemblies (55ms)
			RebuildTransferFunctionScriptingTraits (0ms)
			SetupTypeCache (166ms)
			ReleaseScriptCaches (0ms)
			RebuildScriptCaches (33ms)
			SetupLoadedEditorAssemblies (201ms)
				LogAssemblyErrors (0ms)
				InitializePlatformSupportModulesInManaged (5ms)
				SetLoadedEditorAssemblies (0ms)
				RefreshPlugins (64ms)
				BeforeProcessingInitializeOnLoad (18ms)
				ProcessInitializeOnLoadAttributes (86ms)
				ProcessInitializeOnLoadMethodAttributes (28ms)
				AfterProcessingInitializeOnLoad (0ms)
				EditorAssembliesLoaded (0ms)
			ExecutionOrderSort2 (0ms)
			AwakeInstancesAfterBackupRestoration (0ms)
Platform modules already initialized, skipping
Registering precompiled user dll's ...
Registered in 0.006391 seconds.
Begin MonoManager ReloadAssembly
Native extension for WindowsStandalone target not found
Native extension for WebGL target not found
Refreshing native plugins compatible for Editor in 64.95 ms, found 3 plugins.
Preloading 0 native plugins for Editor in 0.00 ms.
Mono: successfully reloaded assembly
- Completed reload, in  1.293 seconds
Domain Reload Profiling:
	ReloadAssembly (1294ms)
		BeginReloadAssembly (148ms)
			ExecutionOrderSort (0ms)
			DisableScriptedObjects (6ms)
			BackupInstance (0ms)
			ReleaseScriptingObjects (0ms)
			CreateAndSetChildDomain (21ms)
		EndReloadAssembly (1072ms)
			LoadAssemblies (101ms)
			RebuildTransferFunctionScriptingTraits (0ms)
			SetupTypeCache (377ms)
			ReleaseScriptCaches (1ms)
			RebuildScriptCaches (56ms)
			SetupLoadedEditorAssemblies (401ms)
				LogAssemblyErrors (0ms)
				InitializePlatformSupportModulesInManaged (4ms)
				SetLoadedEditorAssemblies (0ms)
				RefreshPlugins (65ms)
				BeforeProcessingInitializeOnLoad (115ms)
				ProcessInitializeOnLoadAttributes (194ms)
				ProcessInitializeOnLoadMethodAttributes (18ms)
				AfterProcessingInitializeOnLoad (5ms)
				EditorAssembliesLoaded (0ms)
			ExecutionOrderSort2 (0ms)
			AwakeInstancesAfterBackupRestoration (6ms)
Platform modules already initialized, skipping
========================================================================
Worker process is ready to serve import requests
Launched and connected shader compiler UnityShaderCompiler.exe after 0.04 seconds
Refreshing native plugins compatible for Editor in 0.80 ms, found 3 plugins.
Preloading 0 native plugins for Editor in 0.00 ms.
Unloading 3346 Unused Serialized files (Serialized files now loaded: 0)
System memory in use before: 144.6 MB.
System memory in use after: 144.8 MB.

Unloading 29 unused Assets to reduce memory usage. Loaded Objects now: 3777.
Total: 5.683700 ms (FindLiveObjects: 0.561200 ms CreateObjectMapping: 0.271300 ms MarkObjects: 4.724200 ms  DeleteObjects: 0.123800 ms)

AssetImportParameters requested are different than current active one (requested -> active):
  custom:framework-win-MediaFoundation: 216162199b28c13a410421893ffa2e32 -> 
  custom:video-decoder-ogg-theora: a1e56fd34408186e4bbccfd4996cb3dc -> 
  custom:container-muxer-webm: aa71ff27fc2769a1b78a27578f13a17b -> 
  custom:container-demuxer-webm: 4f35f7cbe854078d1ac9338744f61a02 -> 
  custom:container-demuxer-ogg: 62fdf1f143b41e24485cea50d1cbac27 -> 
  custom:video-encoder-webm-vp8: eb34c28f22e8b96e1ab97ce403110664 -> 
  custom:video-decoder-webm-vp8: 9c59270c3fd7afecdb556c50c9e8de78 -> 
  custom:audio-decoder-ogg-vorbis: bf7c407c2cedff20999df2af8eb42d56 -> 
  custom:audio-encoder-webm-vorbis: bf7c407c2cedff20999df2af8eb42d56 -> 
========================================================================
Received Import Request.
  path: Assets/魔王魂 効果音 ワンポイント19.mp3
  artifactKey: Guid(e66ce206277debe4d83599cb04d3e4c7) Importer(815301076,1909f56bfc062723c751e8b465ee728b)
Start importing Assets/魔王魂 効果音 ワンポイント19.mp3 using Guid(e66ce206277debe4d83599cb04d3e4c7) Importer(815301076,1909f56bfc062723c751e8b465ee728b)  -> (artifact id: '7018db1b0e78576cdbe1b2f309065db0') in 0.148991 seconds 
  Import took 0.156096 seconds .

========================================================================
Received Import Request.
  Time since last request: 0.000215 seconds.
  path: Assets/adventurer-v1.5-Sheet.png
  artifactKey: Guid(917b4d71aa3790d4983a30e85a0d555a) Importer(815301076,1909f56bfc062723c751e8b465ee728b)
Start importing Assets/adventurer-v1.5-Sheet.png using Guid(917b4d71aa3790d4983a30e85a0d555a) Importer(815301076,1909f56bfc062723c751e8b465ee728b)  -> (artifact id: 'c4e19dd2f5e4f66d7bb61e3ce32c2336') in 0.293794 seconds 
  Import took 0.299611 seconds .

========================================================================
Received Import Request.
  Time since last request: 0.000268 seconds.
  path: Assets/02_KID_LOGO.png
  artifactKey: Guid(adaf179970fa26648bfecb4e07b5269d) Importer(815301076,1909f56bfc062723c751e8b465ee728b)
Start importing Assets/02_KID_LOGO.png using Guid(adaf179970fa26648bfecb4e07b5269d) Importer(815301076,1909f56bfc062723c751e8b465ee728b)  -> (artifact id: 'afb9d1caf76b1b523f960a6387bff089') in 0.022877 seconds 
  Import took 0.028710 seconds .

========================================================================
Received Import Request.
  Time since last request: 0.000302 seconds.
  path: Assets/魔王魂  村07.mp3
  artifactKey: Guid(a53e04f60187b024293621356f1d97f8) Importer(815301076,1909f56bfc062723c751e8b465ee728b)
Start importing Assets/魔王魂  村07.mp3 using Guid(a53e04f60187b024293621356f1d97f8) Importer(815301076,1909f56bfc062723c751e8b465ee728b)  -> (artifact id: '4806658c28d5a383dff077b8e523300c') in 0.014475 seconds 
  Import took 0.020399 seconds .

========================================================================
Received Import Request.
  Time since last request: 0.000241 seconds.
  path: Assets/URP.asset
  artifactKey: Guid(c142c639ae4ddc741a1818fe0da0f6f9) Importer(815301076,1909f56bfc062723c751e8b465ee728b)
Start importing Assets/URP.asset using Guid(c142c639ae4ddc741a1818fe0da0f6f9) Importer(815301076,1909f56bfc062723c751e8b465ee728b)  -> (artifact id: '48c983521af4cedf28d6223accf1c534') in 0.006375 seconds 
  Import took 0.013376 seconds .

========================================================================
Received Import Request.
  Time since last request: 0.000298 seconds.
  path: Assets/jf-openhuninn-1.1.ttf
  artifactKey: Guid(b3359e4dc443a5a42846f334b130edf5) Importer(815301076,1909f56bfc062723c751e8b465ee728b)
Start importing Assets/jf-openhuninn-1.1.ttf using Guid(b3359e4dc443a5a42846f334b130edf5) Importer(815301076,1909f56bfc062723c751e8b465ee728b)  -> (artifact id: 'c90f153d0a526ec38db7a6394ef11bc5') in 0.183568 seconds 
  Import took 0.190777 seconds .

========================================================================
Received Import Request.
  Time since last request: 0.000320 seconds.
  path: Assets/URP_Renderer.asset
  artifactKey: Guid(a9e383d047be4ec4d8bf4204bda88799) Importer(815301076,1909f56bfc062723c751e8b465ee728b)
Start importing Assets/URP_Renderer.asset using Guid(a9e383d047be4ec4d8bf4204bda88799) Importer(815301076,1909f56bfc062723c751e8b465ee728b)  -> (artifact id: '7e6b512b43483e337d4be78a3f8e71c9') in 0.004004 seconds 
  Import took 0.010590 seconds .

========================================================================
Received Import Request.
  Time since last request: 0.000354 seconds.
  path: Assets/New 2D Renderer Data.asset
  artifactKey: Guid(58913f05e799bc84484acec10ebf71d3) Importer(815301076,1909f56bfc062723c751e8b465ee728b)
Start importing Assets/New 2D Renderer Data.asset using Guid(58913f05e799bc84484acec10ebf71d3) Importer(815301076,1909f56bfc062723c751e8b465ee728b)  -> (artifact id: 'd7239be2308cb5f06d7807f88d249654') in 0.009638 seconds 
  Import took 0.018849 seconds .

========================================================================
Received Import Request.
  Time since last request: 912.309157 seconds.
  path: Assets/Script
  artifactKey: Guid(7d76b9bf8dbb7ba42833d439a9f43619) Importer(815301076,1909f56bfc062723c751e8b465ee728b)
Start importing Assets/Script using Guid(7d76b9bf8dbb7ba42833d439a9f43619) Importer(815301076,1909f56bfc062723c751e8b465ee728b)  -> (artifact id: 'be75ae6d9e8eff52ee59ac955f81449c') in 0.003106 seconds 
  Import took 0.011540 seconds .

========================================================================
Received Import Request.
  Time since last request: 65.656516 seconds.
  path: Assets/Script/LearnAPIStatic.cs
  artifactKey: Guid(534c3c95c4954ed459d9b5ca523c04f8) Importer(815301076,1909f56bfc062723c751e8b465ee728b)
Start importing Assets/Script/LearnAPIStatic.cs using Guid(534c3c95c4954ed459d9b5ca523c04f8) Importer(815301076,1909f56bfc062723c751e8b465ee728b)  -> (artifact id: 'd927b2c1d54e00c303099e992e4e2044') in 0.014398 seconds 
  Import took 0.021725 seconds .

========================================================================
Received Prepare
Registering precompiled user dll's ...
Registered in 0.005275 seconds.
Begin MonoManager ReloadAssembly
Native extension for WindowsStandalone target not found
Native extension for WebGL target not found
Refreshing native plugins compatible for Editor in 0.94 ms, found 3 plugins.
Preloading 0 native plugins for Editor in 0.00 ms.
Mono: successfully reloaded assembly
- Completed reload, in  1.531 seconds
Domain Reload Profiling:
	ReloadAssembly (1531ms)
		BeginReloadAssembly (175ms)
			ExecutionOrderSort (0ms)
			DisableScriptedObjects (10ms)
			BackupInstance (0ms)
			ReleaseScriptingObjects (0ms)
			CreateAndSetChildDomain (57ms)
		EndReloadAssembly (1274ms)
			LoadAssemblies (123ms)
			RebuildTransferFunctionScriptingTraits (0ms)
			SetupTypeCache (482ms)
			ReleaseScriptCaches (1ms)
			RebuildScriptCaches (61ms)
			SetupLoadedEditorAssemblies (419ms)
				LogAssemblyErrors (0ms)
				InitializePlatformSupportModulesInManaged (6ms)
				SetLoadedEditorAssemblies (1ms)
				RefreshPlugins (1ms)
				BeforeProcessingInitializeOnLoad (130ms)
				ProcessInitializeOnLoadAttributes (261ms)
				ProcessInitializeOnLoadMethodAttributes (14ms)
				AfterProcessingInitializeOnLoad (6ms)
				EditorAssembliesLoaded (0ms)
			ExecutionOrderSort2 (0ms)
			AwakeInstancesAfterBackupRestoration (24ms)
Platform modules already initialized, skipping
Refreshing native plugins compatible for Editor in 1.55 ms, found 3 plugins.
Preloading 0 native plugins for Editor in 0.00 ms.
Unloading 3235 Unused Serialized files (Serialized files now loaded: 0)
System memory in use before: 142.6 MB.
System memory in use after: 142.8 MB.

Unloading 18 unused Assets to reduce memory usage. Loaded Objects now: 3871.
Total: 3.837100 ms (FindLiveObjects: 0.318500 ms CreateObjectMapping: 0.173400 ms MarkObjects: 3.318600 ms  DeleteObjects: 0.025400 ms)

AssetImportParameters requested are different than current active one (requested -> active):
  custom:framework-win-MediaFoundation: 216162199b28c13a410421893ffa2e32 -> 
  custom:video-decoder-ogg-theora: a1e56fd34408186e4bbccfd4996cb3dc -> 
  custom:container-muxer-webm: aa71ff27fc2769a1b78a27578f13a17b -> 
  custom:container-demuxer-webm: 4f35f7cbe854078d1ac9338744f61a02 -> 
  custom:container-demuxer-ogg: 62fdf1f143b41e24485cea50d1cbac27 -> 
  custom:video-encoder-webm-vp8: eb34c28f22e8b96e1ab97ce403110664 -> 
  custom:video-decoder-webm-vp8: 9c59270c3fd7afecdb556c50c9e8de78 -> 
  custom:audio-decoder-ogg-vorbis: bf7c407c2cedff20999df2af8eb42d56 -> 
  custom:audio-encoder-webm-vorbis: bf7c407c2cedff20999df2af8eb42d56 -> 
========================================================================
Received Import Request.
  Time since last request: 1388.642040 seconds.
  path: Assets/Script/LearnAPIStatic.cs
  artifactKey: Guid(534c3c95c4954ed459d9b5ca523c04f8) Importer(815301076,1909f56bfc062723c751e8b465ee728b)
Start importing Assets/Script/LearnAPIStatic.cs using Guid(534c3c95c4954ed459d9b5ca523c04f8) Importer(815301076,1909f56bfc062723c751e8b465ee728b)  -> (artifact id: '930c03826a5cc34d2835fc388868cb39') in 0.009466 seconds 
  Import took 0.017619 seconds .

========================================================================
Received Import Request.
  Time since last request: 837.874968 seconds.
  path: Assets/Script/LearnAPIStatic.cs
  artifactKey: Guid(534c3c95c4954ed459d9b5ca523c04f8) Importer(815301076,1909f56bfc062723c751e8b465ee728b)
Start importing Assets/Script/LearnAPIStatic.cs using Guid(534c3c95c4954ed459d9b5ca523c04f8) Importer(815301076,1909f56bfc062723c751e8b465ee728b)  -> (artifact id: '5c3063d04ef6a2d3b2d2e437df369113') in 0.002475 seconds 
  Import took 0.010049 seconds .

========================================================================
Received Prepare
Registering precompiled user dll's ...
Registered in 0.005574 seconds.
Begin MonoManager ReloadAssembly
Native extension for WindowsStandalone target not found
Native extension for WebGL target not found
Refreshing native plugins compatible for Editor in 0.65 ms, found 3 plugins.
Preloading 0 native plugins for Editor in 0.00 ms.
Mono: successfully reloaded assembly
- Completed reload, in  1.164 seconds
Domain Reload Profiling:
	ReloadAssembly (1165ms)
		BeginReloadAssembly (137ms)
			ExecutionOrderSort (0ms)
			DisableScriptedObjects (6ms)
			BackupInstance (0ms)
			ReleaseScriptingObjects (0ms)
			CreateAndSetChildDomain (46ms)
		EndReloadAssembly (959ms)
			LoadAssemblies (92ms)
			RebuildTransferFunctionScriptingTraits (0ms)
			SetupTypeCache (338ms)
			ReleaseScriptCaches (1ms)
			RebuildScriptCaches (48ms)
			SetupLoadedEditorAssemblies (321ms)
				LogAssemblyErrors (0ms)
				InitializePlatformSupportModulesInManaged (4ms)
				SetLoadedEditorAssemblies (0ms)
				RefreshPlugins (1ms)
				BeforeProcessingInitializeOnLoad (96ms)
				ProcessInitializeOnLoadAttributes (203ms)
				ProcessInitializeOnLoadMethodAttributes (11ms)
				AfterProcessingInitializeOnLoad (4ms)
				EditorAssembliesLoaded (0ms)
			ExecutionOrderSort2 (0ms)
			AwakeInstancesAfterBackupRestoration (20ms)
Platform modules already initialized, skipping
Refreshing native plugins compatible for Editor in 0.65 ms, found 3 plugins.
Preloading 0 native plugins for Editor in 0.00 ms.
Unloading 3233 Unused Serialized files (Serialized files now loaded: 0)
System memory in use before: 142.6 MB.
System memory in use after: 142.8 MB.

Unloading 18 unused Assets to reduce memory usage. Loaded Objects now: 3873.
Total: 4.428900 ms (FindLiveObjects: 0.485700 ms CreateObjectMapping: 0.258600 ms MarkObjects: 3.665300 ms  DeleteObjects: 0.018400 ms)

AssetImportParameters requested are different than current active one (requested -> active):
  custom:framework-win-MediaFoundation: 216162199b28c13a410421893ffa2e32 -> 
  custom:video-decoder-ogg-theora: a1e56fd34408186e4bbccfd4996cb3dc -> 
  custom:container-muxer-webm: aa71ff27fc2769a1b78a27578f13a17b -> 
  custom:container-demuxer-webm: 4f35f7cbe854078d1ac9338744f61a02 -> 
  custom:container-demuxer-ogg: 62fdf1f143b41e24485cea50d1cbac27 -> 
  custom:video-encoder-webm-vp8: eb34c28f22e8b96e1ab97ce403110664 -> 
  custom:video-decoder-webm-vp8: 9c59270c3fd7afecdb556c50c9e8de78 -> 
  custom:audio-decoder-ogg-vorbis: bf7c407c2cedff20999df2af8eb42d56 -> 
  custom:audio-encoder-webm-vorbis: bf7c407c2cedff20999df2af8eb42d56 -> 
========================================================================
Received Import Request.
  Time since last request: 759.957888 seconds.
  path: Assets/Script/LearnAPIStatic.cs
  artifactKey: Guid(534c3c95c4954ed459d9b5ca523c04f8) Importer(815301076,1909f56bfc062723c751e8b465ee728b)
Start importing Assets/Script/LearnAPIStatic.cs using Guid(534c3c95c4954ed459d9b5ca523c04f8) Importer(815301076,1909f56bfc062723c751e8b465ee728b)  -> (artifact id: '6be216b8458dfe1de130bffd8372262c') in 0.008516 seconds 
  Import took 0.017142 seconds .

========================================================================
Received Prepare
Registering precompiled user dll's ...
Registered in 0.006572 seconds.
Begin MonoManager ReloadAssembly
Native extension for WindowsStandalone target not found
Native extension for WebGL target not found
Refreshing native plugins compatible for Editor in 0.64 ms, found 3 plugins.
Preloading 0 native plugins for Editor in 0.00 ms.
Mono: successfully reloaded assembly
- Completed reload, in  1.102 seconds
Domain Reload Profiling:
	ReloadAssembly (1102ms)
		BeginReloadAssembly (114ms)
			ExecutionOrderSort (0ms)
			DisableScriptedObjects (6ms)
			BackupInstance (0ms)
			ReleaseScriptingObjects (0ms)
			CreateAndSetChildDomain (38ms)
		EndReloadAssembly (927ms)
			LoadAssemblies (96ms)
			RebuildTransferFunctionScriptingTraits (0ms)
			SetupTypeCache (323ms)
			ReleaseScriptCaches (1ms)
			RebuildScriptCaches (46ms)
			SetupLoadedEditorAssemblies (320ms)
				LogAssemblyErrors (0ms)
				InitializePlatformSupportModulesInManaged (4ms)
				SetLoadedEditorAssemblies (1ms)
				RefreshPlugins (1ms)
				BeforeProcessingInitializeOnLoad (106ms)
				ProcessInitializeOnLoadAttributes (192ms)
				ProcessInitializeOnLoadMethodAttributes (10ms)
				AfterProcessingInitializeOnLoad (6ms)
				EditorAssembliesLoaded (0ms)
			ExecutionOrderSort2 (0ms)
			AwakeInstancesAfterBackupRestoration (17ms)
Platform modules already initialized, skipping
Refreshing native plugins compatible for Editor in 0.66 ms, found 3 plugins.
Preloading 0 native plugins for Editor in 0.00 ms.
Unloading 3233 Unused Serialized files (Serialized files now loaded: 0)
System memory in use before: 142.6 MB.
System memory in use after: 142.9 MB.

Unloading 18 unused Assets to reduce memory usage. Loaded Objects now: 3875.
Total: 5.036700 ms (FindLiveObjects: 0.339000 ms CreateObjectMapping: 0.125100 ms MarkObjects: 4.506800 ms  DeleteObjects: 0.064800 ms)

AssetImportParameters requested are different than current active one (requested -> active):
  custom:framework-win-MediaFoundation: 216162199b28c13a410421893ffa2e32 -> 
  custom:video-decoder-ogg-theora: a1e56fd34408186e4bbccfd4996cb3dc -> 
  custom:container-muxer-webm: aa71ff27fc2769a1b78a27578f13a17b -> 
  custom:container-demuxer-webm: 4f35f7cbe854078d1ac9338744f61a02 -> 
  custom:container-demuxer-ogg: 62fdf1f143b41e24485cea50d1cbac27 -> 
  custom:video-encoder-webm-vp8: eb34c28f22e8b96e1ab97ce403110664 -> 
  custom:video-decoder-webm-vp8: 9c59270c3fd7afecdb556c50c9e8de78 -> 
  custom:audio-decoder-ogg-vorbis: bf7c407c2cedff20999df2af8eb42d56 -> 
  custom:audio-encoder-webm-vorbis: bf7c407c2cedff20999df2af8eb42d56 -> 
========================================================================
Received Import Request.
  Time since last request: 12.277214 seconds.
  path: Assets/Script/LearnAPIStatic.cs
  artifactKey: Guid(534c3c95c4954ed459d9b5ca523c04f8) Importer(815301076,1909f56bfc062723c751e8b465ee728b)
Start importing Assets/Script/LearnAPIStatic.cs using Guid(534c3c95c4954ed459d9b5ca523c04f8) Importer(815301076,1909f56bfc062723c751e8b465ee728b)  -> (artifact id: '4db9899c5a72c3554e4bb29b79b41671') in 0.006745 seconds 
  Import took 0.013389 seconds .

========================================================================
Received Prepare
Registering precompiled user dll's ...
Registered in 0.006416 seconds.
Begin MonoManager ReloadAssembly
Native extension for WindowsStandalone target not found
Native extension for WebGL target not found
Refreshing native plugins compatible for Editor in 0.64 ms, found 3 plugins.
Preloading 0 native plugins for Editor in 0.00 ms.
Mono: successfully reloaded assembly
- Completed reload, in  1.127 seconds
Domain Reload Profiling:
	ReloadAssembly (1128ms)
		BeginReloadAssembly (128ms)
			ExecutionOrderSort (0ms)
			DisableScriptedObjects (6ms)
			BackupInstance (0ms)
			ReleaseScriptingObjects (0ms)
			CreateAndSetChildDomain (47ms)
		EndReloadAssembly (938ms)
			LoadAssemblies (105ms)
			RebuildTransferFunctionScriptingTraits (0ms)
			SetupTypeCache (325ms)
			ReleaseScriptCaches (1ms)
			RebuildScriptCaches (46ms)
			SetupLoadedEditorAssemblies (321ms)
				LogAssemblyErrors (0ms)
				InitializePlatformSupportModulesInManaged (5ms)
				SetLoadedEditorAssemblies (0ms)
				RefreshPlugins (1ms)
				BeforeProcessingInitializeOnLoad (97ms)
				ProcessInitializeOnLoadAttributes (201ms)
				ProcessInitializeOnLoadMethodAttributes (10ms)
				AfterProcessingInitializeOnLoad (6ms)
				EditorAssembliesLoaded (0ms)
			ExecutionOrderSort2 (0ms)
			AwakeInstancesAfterBackupRestoration (18ms)
Platform modules already initialized, skipping
Refreshing native plugins compatible for Editor in 0.65 ms, found 3 plugins.
Preloading 0 native plugins for Editor in 0.00 ms.
Unloading 3233 Unused Serialized files (Serialized files now loaded: 0)
System memory in use before: 142.6 MB.
System memory in use after: 142.9 MB.

Unloading 18 unused Assets to reduce memory usage. Loaded Objects now: 3877.
Total: 3.640900 ms (FindLiveObjects: 0.271000 ms CreateObjectMapping: 0.145000 ms MarkObjects: 3.162500 ms  DeleteObjects: 0.061700 ms)

AssetImportParameters requested are different than current active one (requested -> active):
  custom:framework-win-MediaFoundation: 216162199b28c13a410421893ffa2e32 -> 
  custom:video-decoder-ogg-theora: a1e56fd34408186e4bbccfd4996cb3dc -> 
  custom:container-muxer-webm: aa71ff27fc2769a1b78a27578f13a17b -> 
  custom:container-demuxer-webm: 4f35f7cbe854078d1ac9338744f61a02 -> 
  custom:container-demuxer-ogg: 62fdf1f143b41e24485cea50d1cbac27 -> 
  custom:video-encoder-webm-vp8: eb34c28f22e8b96e1ab97ce403110664 -> 
  custom:video-decoder-webm-vp8: 9c59270c3fd7afecdb556c50c9e8de78 -> 
  custom:audio-decoder-ogg-vorbis: bf7c407c2cedff20999df2af8eb42d56 -> 
  custom:audio-encoder-webm-vorbis: bf7c407c2cedff20999df2af8eb42d56 -> 
========================================================================
Received Import Request.
  Time since last request: 323.947966 seconds.
  path: Assets/Script/LearnAPIStatic.cs
  artifactKey: Guid(534c3c95c4954ed459d9b5ca523c04f8) Importer(815301076,1909f56bfc062723c751e8b465ee728b)
Start importing Assets/Script/LearnAPIStatic.cs using Guid(534c3c95c4954ed459d9b5ca523c04f8) Importer(815301076,1909f56bfc062723c751e8b465ee728b)  -> (artifact id: '58e6ce8e6371556f8881b1f183279442') in 0.008292 seconds 
  Import took 0.014465 seconds .

========================================================================
Received Prepare
Registering precompiled user dll's ...
Registered in 0.005711 seconds.
Begin MonoManager ReloadAssembly
Native extension for WindowsStandalone target not found
Native extension for WebGL target not found
Refreshing native plugins compatible for Editor in 0.64 ms, found 3 plugins.
Preloading 0 native plugins for Editor in 0.00 ms.
Mono: successfully reloaded assembly
- Completed reload, in  1.072 seconds
Domain Reload Profiling:
	ReloadAssembly (1073ms)
		BeginReloadAssembly (112ms)
			ExecutionOrderSort (0ms)
			DisableScriptedObjects (6ms)
			BackupInstance (0ms)
			ReleaseScriptingObjects (0ms)
			CreateAndSetChildDomain (36ms)
		EndReloadAssembly (903ms)
			LoadAssemblies (93ms)
			RebuildTransferFunctionScriptingTraits (0ms)
			SetupTypeCache (321ms)
			ReleaseScriptCaches (2ms)
			RebuildScriptCaches (49ms)
			SetupLoadedEditorAssemblies (298ms)
				LogAssemblyErrors (0ms)
				InitializePlatformSupportModulesInManaged (4ms)
				SetLoadedEditorAssemblies (1ms)
				RefreshPlugins (1ms)
				BeforeProcessingInitializeOnLoad (93ms)
				ProcessInitializeOnLoadAttributes (183ms)
				ProcessInitializeOnLoadMethodAttributes (10ms)
				AfterProcessingInitializeOnLoad (6ms)
				EditorAssembliesLoaded (0ms)
			ExecutionOrderSort2 (0ms)
			AwakeInstancesAfterBackupRestoration (16ms)
Platform modules already initialized, skipping
Refreshing native plugins compatible for Editor in 0.68 ms, found 3 plugins.
Preloading 0 native plugins for Editor in 0.00 ms.
Unloading 3233 Unused Serialized files (Serialized files now loaded: 0)
System memory in use before: 142.6 MB.
System memory in use after: 142.9 MB.

Unloading 18 unused Assets to reduce memory usage. Loaded Objects now: 3879.
Total: 4.436700 ms (FindLiveObjects: 0.299000 ms CreateObjectMapping: 0.241800 ms MarkObjects: 3.855900 ms  DeleteObjects: 0.039300 ms)

AssetImportParameters requested are different than current active one (requested -> active):
  custom:framework-win-MediaFoundation: 216162199b28c13a410421893ffa2e32 -> 
  custom:video-decoder-ogg-theora: a1e56fd34408186e4bbccfd4996cb3dc -> 
  custom:container-muxer-webm: aa71ff27fc2769a1b78a27578f13a17b -> 
  custom:container-demuxer-webm: 4f35f7cbe854078d1ac9338744f61a02 -> 
  custom:container-demuxer-ogg: 62fdf1f143b41e24485cea50d1cbac27 -> 
  custom:video-encoder-webm-vp8: eb34c28f22e8b96e1ab97ce403110664 -> 
  custom:video-decoder-webm-vp8: 9c59270c3fd7afecdb556c50c9e8de78 -> 
  custom:audio-decoder-ogg-vorbis: bf7c407c2cedff20999df2af8eb42d56 -> 
  custom:audio-encoder-webm-vorbis: bf7c407c2cedff20999df2af8eb42d56 -> 
========================================================================
Received Import Request.
  Time since last request: 956.903932 seconds.
  path: Assets/物件/Acid (1).asset
  artifactKey: Guid(5b750cdd8f40d6941921e6187573ea46) Importer(815301076,1909f56bfc062723c751e8b465ee728b)
Start importing Assets/物件/Acid (1).asset using Guid(5b750cdd8f40d6941921e6187573ea46) Importer(815301076,1909f56bfc062723c751e8b465ee728b)  -> (artifact id: '51b9b5891adcf1379feb3a6be172b341') in 0.054402 seconds 
  Import took 0.061387 seconds .

========================================================================
Received Import Request.
  Time since last request: 0.000328 seconds.
  path: Assets/物件/Tile (1).asset
  artifactKey: Guid(13dcc64c2e9149943860d47709cd35b0) Importer(815301076,1909f56bfc062723c751e8b465ee728b)
Start importing Assets/物件/Tile (1).asset using Guid(13dcc64c2e9149943860d47709cd35b0) Importer(815301076,1909f56bfc062723c751e8b465ee728b)  -> (artifact id: 'dffeaad8161addd475ec6d4c6c3481d4') in 0.013517 seconds 
  Import took 0.019641 seconds .

========================================================================
Received Import Request.
  Time since last request: 0.000344 seconds.
  path: Assets/物件/New Palette.prefab
  artifactKey: Guid(a33cf675df9f095418b6e021d092f734) Importer(815301076,1909f56bfc062723c751e8b465ee728b)
Start importing Assets/物件/New Palette.prefab using Guid(a33cf675df9f095418b6e021d092f734) Importer(815301076,1909f56bfc062723c751e8b465ee728b)  -> (artifact id: '46f1b411619954eebb0f1b7ed7ba28c5') in 0.154182 seconds 
  Import took 0.160559 seconds .

========================================================================
Received Import Request.
  Time since last request: 0.000338 seconds.
  path: Assets/物件/Tile (2).asset
  artifactKey: Guid(b3f4f6587d7750c4fa1a166ab80b4b9c) Importer(815301076,1909f56bfc062723c751e8b465ee728b)
Start importing Assets/物件/Tile (2).asset using Guid(b3f4f6587d7750c4fa1a166ab80b4b9c) Importer(815301076,1909f56bfc062723c751e8b465ee728b)  -> (artifact id: '0cba581e4b1ea0ad730faba1b5b5e5ed') in 0.026695 seconds 
  Import took 0.031801 seconds .

========================================================================
Received Import Request.
  Time since last request: 0.000343 seconds.
  path: Assets/物件/Acid (2).asset
  artifactKey: Guid(4a26fbca657c7784996e8ef8941fa965) Importer(815301076,1909f56bfc062723c751e8b465ee728b)
Start importing Assets/物件/Acid (2).asset using Guid(4a26fbca657c7784996e8ef8941fa965) Importer(815301076,1909f56bfc062723c751e8b465ee728b)  -> (artifact id: '21cad1103814b3cdbf42ef22118c7d8a') in 0.011257 seconds 
  Import took 0.018081 seconds .

========================================================================
Received Import Request.
  Time since last request: 0.000337 seconds.
  path: Assets/物件/Spike.asset
  artifactKey: Guid(97a0037f3908a1f46a942335bf682134) Importer(815301076,1909f56bfc062723c751e8b465ee728b)
Start importing Assets/物件/Spike.asset using Guid(97a0037f3908a1f46a942335bf682134) Importer(815301076,1909f56bfc062723c751e8b465ee728b)  -> (artifact id: '05d7786fde650fc0efce53234cfcb2e2') in 0.011983 seconds 
  Import took 0.018309 seconds .

========================================================================
Received Import Request.
  Time since last request: 0.000313 seconds.
  path: Assets/物件/Tile (3).asset
  artifactKey: Guid(1eeea9cf8db86784796473408757c37b) Importer(815301076,1909f56bfc062723c751e8b465ee728b)
Start importing Assets/物件/Tile (3).asset using Guid(1eeea9cf8db86784796473408757c37b) Importer(815301076,1909f56bfc062723c751e8b465ee728b)  -> (artifact id: '2b53859d7e469a8d968813634f5cb1c7') in 0.012378 seconds 
  Import took 0.017762 seconds .

========================================================================
Received Import Request.
  Time since last request: 4.474847 seconds.
  path: Assets/場景素材/Objects
  artifactKey: Guid(5da31a4e71520bc4287c00bb5b84463e) Importer(815301076,1909f56bfc062723c751e8b465ee728b)
Start importing Assets/場景素材/Objects using Guid(5da31a4e71520bc4287c00bb5b84463e) Importer(815301076,1909f56bfc062723c751e8b465ee728b)  -> (artifact id: '9f0b07a0bdb835ea21ee44438f1ca24f') in 0.003468 seconds 
  Import took 0.010830 seconds .

========================================================================
Received Import Request.
  Time since last request: 0.060457 seconds.
  path: Assets/場景素材/Objects/Barrel (1).png
  artifactKey: Guid(a3de8fd971598a7419117820c3df451c) Importer(815301076,1909f56bfc062723c751e8b465ee728b)
Start importing Assets/場景素材/Objects/Barrel (1).png using Guid(a3de8fd971598a7419117820c3df451c) Importer(815301076,1909f56bfc062723c751e8b465ee728b)  -> (artifact id: '5ae61e7d04afabeb843449c406c1b3d1') in 0.028199 seconds 
  Import took 0.035567 seconds .

========================================================================
Received Import Request.
  Time since last request: 0.000323 seconds.
  path: Assets/場景素材/Objects/Switch (1).png
  artifactKey: Guid(4e556b524554f2341a252b1db28f2ac8) Importer(815301076,1909f56bfc062723c751e8b465ee728b)
Start importing Assets/場景素材/Objects/Switch (1).png using Guid(4e556b524554f2341a252b1db28f2ac8) Importer(815301076,1909f56bfc062723c751e8b465ee728b)  -> (artifact id: '0bca13d7569248ba267211bf66b20648') in 0.018243 seconds 
  Import took 0.023299 seconds .

========================================================================
Received Import Request.
  Time since last request: 0.000389 seconds.
  path: Assets/場景素材/Objects/Switch (2).png
  artifactKey: Guid(3b7fc4459e34de14abd2b2a9628d81b8) Importer(815301076,1909f56bfc062723c751e8b465ee728b)
Start importing Assets/場景素材/Objects/Switch (2).png using Guid(3b7fc4459e34de14abd2b2a9628d81b8) Importer(815301076,1909f56bfc062723c751e8b465ee728b)  -> (artifact id: '5189a466369ce61c4803562da1906297') in 0.014351 seconds 
  Import took 0.019930 seconds .

========================================================================
Received Import Request.
  Time since last request: 0.000402 seconds.
  path: Assets/場景素材/Objects/Box.png
  artifactKey: Guid(a8a16510cc5337641b2283e7868189e1) Importer(815301076,1909f56bfc062723c751e8b465ee728b)
Start importing Assets/場景素材/Objects/Box.png using Guid(a8a16510cc5337641b2283e7868189e1) Importer(815301076,1909f56bfc062723c751e8b465ee728b)  -> (artifact id: '4bf0c839e861b57e91ee90040f754496') in 0.015563 seconds 
  Import took 0.022253 seconds .

========================================================================
Received Import Request.
  Time since last request: 0.000398 seconds.
  path: Assets/場景素材/Objects/DoorOpen.png
  artifactKey: Guid(85fa1b247043158468de9ed09fd7e25d) Importer(815301076,1909f56bfc062723c751e8b465ee728b)
Start importing Assets/場景素材/Objects/DoorOpen.png using Guid(85fa1b247043158468de9ed09fd7e25d) Importer(815301076,1909f56bfc062723c751e8b465ee728b)  -> (artifact id: 'a5fce3db2b29c77e23d120d1778228fa') in 0.018005 seconds 
  Import took 0.024364 seconds .

========================================================================
Received Import Request.
  Time since last request: 0.000297 seconds.
  path: Assets/場景素材/Objects/Barrel (2).png
  artifactKey: Guid(44acdf32f13a4874ebfb40e5d77b13a9) Importer(815301076,1909f56bfc062723c751e8b465ee728b)
Start importing Assets/場景素材/Objects/Barrel (2).png using Guid(44acdf32f13a4874ebfb40e5d77b13a9) Importer(815301076,1909f56bfc062723c751e8b465ee728b)  -> (artifact id: '14133ee7bb8e5ffb1b9db7e125288d65') in 0.015417 seconds 
  Import took 0.022958 seconds .

========================================================================
Received Import Request.
  Time since last request: 0.000352 seconds.
  path: Assets/場景素材/Objects/DoorUnlocked.png
  artifactKey: Guid(b146b028abc35b54cbf923d3fb019663) Importer(815301076,1909f56bfc062723c751e8b465ee728b)
Start importing Assets/場景素材/Objects/DoorUnlocked.png using Guid(b146b028abc35b54cbf923d3fb019663) Importer(815301076,1909f56bfc062723c751e8b465ee728b)  -> (artifact id: '5cf13a1c8748b0b128aadb087b14127c') in 0.016805 seconds 
  Import took 0.023688 seconds .

========================================================================
Received Import Request.
  Time since last request: 0.000399 seconds.
  path: Assets/場景素材/Objects/DoorLocked.png
  artifactKey: Guid(56354001f9a2b714bb2cf50f7400da9f) Importer(815301076,1909f56bfc062723c751e8b465ee728b)
Start importing Assets/場景素材/Objects/DoorLocked.png using Guid(56354001f9a2b714bb2cf50f7400da9f) Importer(815301076,1909f56bfc062723c751e8b465ee728b)  -> (artifact id: 'abc82860fd78ae82706bf522b13fee13') in 0.014657 seconds 
  Import took 0.021806 seconds .

========================================================================
Received Import Request.
  Time since last request: 0.000372 seconds.
  path: Assets/場景素材/Objects/Saw.png
  artifactKey: Guid(9629cf03879dbb54a886f85c47c2624f) Importer(815301076,1909f56bfc062723c751e8b465ee728b)
Start importing Assets/場景素材/Objects/Saw.png using Guid(9629cf03879dbb54a886f85c47c2624f) Importer(815301076,1909f56bfc062723c751e8b465ee728b)  -> (artifact id: 'd499039598c33eb26781477898a467b6') in 0.018702 seconds 
  Import took 0.024755 seconds .

========================================================================
Received Import Request.
  Time since last request: 2.557263 seconds.
  path: Assets/場景素材/Tiles/Acid (1).png
  artifactKey: Guid(1de5419dc16adc4439b04878c60c5787) Importer(815301076,1909f56bfc062723c751e8b465ee728b)
Start importing Assets/場景素材/Tiles/Acid (1).png using Guid(1de5419dc16adc4439b04878c60c5787) Importer(815301076,1909f56bfc062723c751e8b465ee728b)  -> (artifact id: '967b1218552eb415f84d4f4d95dfadd6') in 0.012811 seconds 
  Import took 0.018453 seconds .

========================================================================
Received Import Request.
  Time since last request: 0.000369 seconds.
  path: Assets/場景素材/Tiles/BGTile (7).png
  artifactKey: Guid(a97406bc41518a743b298696e4a472ae) Importer(815301076,1909f56bfc062723c751e8b465ee728b)
Start importing Assets/場景素材/Tiles/BGTile (7).png using Guid(a97406bc41518a743b298696e4a472ae) Importer(815301076,1909f56bfc062723c751e8b465ee728b)  -> (artifact id: '33336ec0d625f70d055953016e807417') in 0.015417 seconds 
  Import took 0.021494 seconds .

========================================================================
Received Import Request.
  Time since last request: 0.000328 seconds.
  path: Assets/場景素材/Tiles/BGTile (2).png
  artifactKey: Guid(960492d515b904f4a8f9288e23368839) Importer(815301076,1909f56bfc062723c751e8b465ee728b)
Start importing Assets/場景素材/Tiles/BGTile (2).png using Guid(960492d515b904f4a8f9288e23368839) Importer(815301076,1909f56bfc062723c751e8b465ee728b)  -> (artifact id: '42414ff6da0ac413459725bcbfeebf09') in 0.015829 seconds 
  Import took 0.021156 seconds .

========================================================================
Received Import Request.
  Time since last request: 0.000320 seconds.
  path: Assets/場景素材/Tiles/Fence (2).png
  artifactKey: Guid(227a2e9e0c3e0b748b69a49e26d09436) Importer(815301076,1909f56bfc062723c751e8b465ee728b)
Start importing Assets/場景素材/Tiles/Fence (2).png using Guid(227a2e9e0c3e0b748b69a49e26d09436) Importer(815301076,1909f56bfc062723c751e8b465ee728b)  -> (artifact id: '8fcacb58af42ed3b6680a51ba0d1187c') in 0.017303 seconds 
  Import took 0.022540 seconds .

========================================================================
Received Import Request.
  Time since last request: 0.000231 seconds.
  path: Assets/場景素材/Tiles/Tile (3).png
  artifactKey: Guid(f2d33d8b03a2ed645acd1ef529fca4ed) Importer(815301076,1909f56bfc062723c751e8b465ee728b)
Start importing Assets/場景素材/Tiles/Tile (3).png using Guid(f2d33d8b03a2ed645acd1ef529fca4ed) Importer(815301076,1909f56bfc062723c751e8b465ee728b)  -> (artifact id: '7dae68772f7e333c37a91cfc9c5bbc1c') in 0.014991 seconds 
  Import took 0.020963 seconds .

========================================================================
Received Import Request.
  Time since last request: 0.000379 seconds.
  path: Assets/場景素材/Tiles/BGTile (5).png
  artifactKey: Guid(665041b9088f6da469ec64e5661dd794) Importer(815301076,1909f56bfc062723c751e8b465ee728b)
Start importing Assets/場景素材/Tiles/BGTile (5).png using Guid(665041b9088f6da469ec64e5661dd794) Importer(815301076,1909f56bfc062723c751e8b465ee728b)  -> (artifact id: 'd7e7d067ec1a0d3f1a0e7cfc477a6a81') in 0.015228 seconds 
  Import took 0.021689 seconds .

========================================================================
Received Import Request.
  Time since last request: 0.000335 seconds.
  path: Assets/場景素材/Tiles/BGTile (6).png
  artifactKey: Guid(aa10e5b4b9a1ff24ebc46b1f197374bf) Importer(815301076,1909f56bfc062723c751e8b465ee728b)
Start importing Assets/場景素材/Tiles/BGTile (6).png using Guid(aa10e5b4b9a1ff24ebc46b1f197374bf) Importer(815301076,1909f56bfc062723c751e8b465ee728b)  -> (artifact id: 'e764b00dd81d327e5ff447e759389790') in 0.014839 seconds 
  Import took 0.022047 seconds .

========================================================================
Received Import Request.
  Time since last request: 0.000244 seconds.
  path: Assets/場景素材/Tiles/Tile (2).png
  artifactKey: Guid(c2be59aee3a98d3489b004b1fe91c5bf) Importer(815301076,1909f56bfc062723c751e8b465ee728b)
Start importing Assets/場景素材/Tiles/Tile (2).png using Guid(c2be59aee3a98d3489b004b1fe91c5bf) Importer(815301076,1909f56bfc062723c751e8b465ee728b)  -> (artifact id: '13481a36567680a32a48254132ea51e4') in 0.014251 seconds 
  Import took 0.020118 seconds .

========================================================================
Received Import Request.
  Time since last request: 0.000232 seconds.
  path: Assets/場景素材/Tiles/Acid (2).png
  artifactKey: Guid(71c51ba3e1d399041a518c20ed891416) Importer(815301076,1909f56bfc062723c751e8b465ee728b)
Start importing Assets/場景素材/Tiles/Acid (2).png using Guid(71c51ba3e1d399041a518c20ed891416) Importer(815301076,1909f56bfc062723c751e8b465ee728b)  -> (artifact id: '964099f7bd1e183f5f4847b36333b7fe') in 0.016350 seconds 
  Import took 0.022280 seconds .

========================================================================
Received Import Request.
  Time since last request: 0.000317 seconds.
  path: Assets/場景素材/Tiles/Tile (6).png
  artifactKey: Guid(4e7344f0b30aea64ba4f085a87483257) Importer(815301076,1909f56bfc062723c751e8b465ee728b)
Start importing Assets/場景素材/Tiles/Tile (6).png using Guid(4e7344f0b30aea64ba4f085a87483257) Importer(815301076,1909f56bfc062723c751e8b465ee728b)  -> (artifact id: '7489a9fd2b3bfbeba4235a4a23ab1a53') in 0.014940 seconds 
  Import took 0.021559 seconds .

========================================================================
Received Import Request.
  Time since last request: 0.000336 seconds.
  path: Assets/場景素材/Tiles/BGTile (4).png
  artifactKey: Guid(28acbabf1323ed14d9f6404f01877891) Importer(815301076,1909f56bfc062723c751e8b465ee728b)
Start importing Assets/場景素材/Tiles/BGTile (4).png using Guid(28acbabf1323ed14d9f6404f01877891) Importer(815301076,1909f56bfc062723c751e8b465ee728b)  -> (artifact id: 'da28d1c572e15eb514c25f1b63bc44b4') in 0.015316 seconds 
  Import took 0.021269 seconds .

========================================================================
Received Import Request.
  Time since last request: 0.000400 seconds.
  path: Assets/場景素材/Tiles/BGTile (1).png
  artifactKey: Guid(eef236a5d950d1842a51dfa329128415) Importer(815301076,1909f56bfc062723c751e8b465ee728b)
Start importing Assets/場景素材/Tiles/BGTile (1).png using Guid(eef236a5d950d1842a51dfa329128415) Importer(815301076,1909f56bfc062723c751e8b465ee728b)  -> (artifact id: '40bfb902b924c7a912a5697e7d043402') in 0.016814 seconds 
  Import took 0.022983 seconds .

========================================================================
Received Import Request.
  Time since last request: 0.000225 seconds.
  path: Assets/場景素材/Tiles/Tile (4).png
  artifactKey: Guid(69e1a7d44753d18458b79358e72c38eb) Importer(815301076,1909f56bfc062723c751e8b465ee728b)
Start importing Assets/場景素材/Tiles/Tile (4).png using Guid(69e1a7d44753d18458b79358e72c38eb) Importer(815301076,1909f56bfc062723c751e8b465ee728b)  -> (artifact id: 'bee08d9dfe3e891a3e487f51192e8872') in 0.014330 seconds 
  Import took 0.020131 seconds .

========================================================================
Received Import Request.
  Time since last request: 0.000225 seconds.
  path: Assets/場景素材/Tiles/Tile (5).png
  artifactKey: Guid(904cd393dc722a94681e9a0b08d7d4df) Importer(815301076,1909f56bfc062723c751e8b465ee728b)
Start importing Assets/場景素材/Tiles/Tile (5).png using Guid(904cd393dc722a94681e9a0b08d7d4df) Importer(815301076,1909f56bfc062723c751e8b465ee728b)  -> (artifact id: '7eafb395ebb2a463f5a63d153994d0a0') in 0.014664 seconds 
  Import took 0.020644 seconds .

========================================================================
Received Import Request.
  Time since last request: 0.000300 seconds.
  path: Assets/場景素材/Tiles/Spike.png
  artifactKey: Guid(236098bbdff87504aa21aa6e4e0304c0) Importer(815301076,1909f56bfc062723c751e8b465ee728b)
Start importing Assets/場景素材/Tiles/Spike.png using Guid(236098bbdff87504aa21aa6e4e0304c0) Importer(815301076,1909f56bfc062723c751e8b465ee728b)  -> (artifact id: 'c6fc502d114c4e67cc899281ab5abb3b') in 0.016342 seconds 
  Import took 0.022395 seconds .

========================================================================
Received Import Request.
  Time since last request: 0.000261 seconds.
  path: Assets/場景素材/Tiles/BGTile (3).png
  artifactKey: Guid(56408e04cbe13364d92be084e92128e6) Importer(815301076,1909f56bfc062723c751e8b465ee728b)
Start importing Assets/場景素材/Tiles/BGTile (3).png using Guid(56408e04cbe13364d92be084e92128e6) Importer(815301076,1909f56bfc062723c751e8b465ee728b)  -> (artifact id: 'e20db21f0192df3ee209ac4991aba587') in 0.016577 seconds 
  Import took 0.023954 seconds .

========================================================================
Received Import Request.
  Time since last request: 0.000290 seconds.
  path: Assets/場景素材/Tiles/Fence (1).png
  artifactKey: Guid(e0e32e897e976044db01e6c082c0075b) Importer(815301076,1909f56bfc062723c751e8b465ee728b)
Start importing Assets/場景素材/Tiles/Fence (1).png using Guid(e0e32e897e976044db01e6c082c0075b) Importer(815301076,1909f56bfc062723c751e8b465ee728b)  -> (artifact id: '90895f4dbcecba4d5921dc2f513df19e') in 0.015942 seconds 
  Import took 0.021140 seconds .

========================================================================
Received Import Request.
  Time since last request: 0.000244 seconds.
  path: Assets/場景素材/Tiles/Fence (3).png
  artifactKey: Guid(3800fad49436d2e42b76de9528a686c8) Importer(815301076,1909f56bfc062723c751e8b465ee728b)
Start importing Assets/場景素材/Tiles/Fence (3).png using Guid(3800fad49436d2e42b76de9528a686c8) Importer(815301076,1909f56bfc062723c751e8b465ee728b)  -> (artifact id: '1ffcc16a6914cd2e74e7866828dc44b0') in 0.017306 seconds 
  Import took 0.023529 seconds .

========================================================================
Received Import Request.
  Time since last request: 0.000220 seconds.
  path: Assets/場景素材/Tiles/Tile (1).png
  artifactKey: Guid(b4fc43dd3ac1b7d4186e0b142076aa33) Importer(815301076,1909f56bfc062723c751e8b465ee728b)
Start importing Assets/場景素材/Tiles/Tile (1).png using Guid(b4fc43dd3ac1b7d4186e0b142076aa33) Importer(815301076,1909f56bfc062723c751e8b465ee728b)  -> (artifact id: 'ab0c6236b598f07bb9200606311682c6') in 0.014531 seconds 
  Import took 0.020540 seconds .

========================================================================
Received Import Request.
  Time since last request: 10286.254544 seconds.
  path: Assets/動畫素材/Player.cs
  artifactKey: Guid(9edc88e2004d4104497f9d5536579b34) Importer(815301076,1909f56bfc062723c751e8b465ee728b)
Start importing Assets/動畫素材/Player.cs using Guid(9edc88e2004d4104497f9d5536579b34) Importer(815301076,1909f56bfc062723c751e8b465ee728b)  -> (artifact id: 'a114c58f62db8abe50bf929918a35ef2') in 0.004262 seconds 
  Import took 0.011894 seconds .

========================================================================
Received Import Request.
  Time since last request: 4.679416 seconds.
  path: Assets/Script/LearnProperty.cs
  artifactKey: Guid(e8a5ca21c2928e54ba27714fb0575aec) Importer(815301076,1909f56bfc062723c751e8b465ee728b)
Start importing Assets/Script/LearnProperty.cs using Guid(e8a5ca21c2928e54ba27714fb0575aec) Importer(815301076,1909f56bfc062723c751e8b465ee728b)  -> (artifact id: '8cd60522336bc46e1b579c4765b5fe50') in 0.003269 seconds 
  Import took 0.009772 seconds .

========================================================================
Received Import Request.
  Time since last request: 6713.552794 seconds.
  path: Assets/Script/LearnAPIStatic.cs
  artifactKey: Guid(534c3c95c4954ed459d9b5ca523c04f8) Importer(815301076,1909f56bfc062723c751e8b465ee728b)
Start importing Assets/Script/LearnAPIStatic.cs using Guid(534c3c95c4954ed459d9b5ca523c04f8) Importer(815301076,1909f56bfc062723c751e8b465ee728b)  -> (artifact id: 'c2ef24ec3da5caa9ca510663acaf3ddf') in 0.002736 seconds 
  Import took 0.009827 seconds .

========================================================================
Received Import Request.
  Time since last request: 84.162521 seconds.
  path: Assets/Script/SceneControl.cs
  artifactKey: Guid(06128665b0b1e4f4390b6012992d273f) Importer(815301076,1909f56bfc062723c751e8b465ee728b)
Start importing Assets/Script/SceneControl.cs using Guid(06128665b0b1e4f4390b6012992d273f) Importer(815301076,1909f56bfc062723c751e8b465ee728b)  -> (artifact id: '63a2062309d6e0ad58d2de329904d1d4') in 0.005563 seconds 
  Import took 0.012042 seconds .

========================================================================
Received Import Request.
  Time since last request: 1867.402393 seconds.
  path: Assets/Script/SceneControl.cs
  artifactKey: Guid(06128665b0b1e4f4390b6012992d273f) Importer(815301076,1909f56bfc062723c751e8b465ee728b)
Start importing Assets/Script/SceneControl.cs using Guid(06128665b0b1e4f4390b6012992d273f) Importer(815301076,1909f56bfc062723c751e8b465ee728b)  -> (artifact id: '56d0bef119b183b90dd275914d7a038f') in 0.003496 seconds 
  Import took 0.011039 seconds .

========================================================================
Received Prepare
Registering precompiled user dll's ...
Registered in 0.007077 seconds.
Begin MonoManager ReloadAssembly
Native extension for WindowsStandalone target not found
Native extension for WebGL target not found
Refreshing native plugins compatible for Editor in 1.01 ms, found 3 plugins.
Preloading 0 native plugins for Editor in 0.00 ms.
Mono: successfully reloaded assembly
- Completed reload, in  1.149 seconds
Domain Reload Profiling:
	ReloadAssembly (1150ms)
		BeginReloadAssembly (134ms)
			ExecutionOrderSort (0ms)
			DisableScriptedObjects (8ms)
			BackupInstance (0ms)
			ReleaseScriptingObjects (0ms)
			CreateAndSetChildDomain (44ms)
		EndReloadAssembly (951ms)
			LoadAssemblies (102ms)
			RebuildTransferFunctionScriptingTraits (0ms)
			SetupTypeCache (332ms)
			ReleaseScriptCaches (2ms)
			RebuildScriptCaches (54ms)
			SetupLoadedEditorAssemblies (311ms)
				LogAssemblyErrors (0ms)
				InitializePlatformSupportModulesInManaged (4ms)
				SetLoadedEditorAssemblies (0ms)
				RefreshPlugins (1ms)
				BeforeProcessingInitializeOnLoad (99ms)
				ProcessInitializeOnLoadAttributes (190ms)
				ProcessInitializeOnLoadMethodAttributes (10ms)
				AfterProcessingInitializeOnLoad (6ms)
				EditorAssembliesLoaded (0ms)
			ExecutionOrderSort2 (0ms)
			AwakeInstancesAfterBackupRestoration (19ms)
Platform modules already initialized, skipping
Refreshing native plugins compatible for Editor in 0.66 ms, found 3 plugins.
Preloading 0 native plugins for Editor in 0.00 ms.
Unloading 3234 Unused Serialized files (Serialized files now loaded: 0)
System memory in use before: 142.9 MB.
System memory in use after: 143.1 MB.

Unloading 18 unused Assets to reduce memory usage. Loaded Objects now: 3930.
Total: 3.616500 ms (FindLiveObjects: 0.267900 ms CreateObjectMapping: 0.127600 ms MarkObjects: 3.202400 ms  DeleteObjects: 0.017600 ms)

AssetImportParameters requested are different than current active one (requested -> active):
  custom:framework-win-MediaFoundation: 216162199b28c13a410421893ffa2e32 -> 
  custom:video-decoder-ogg-theora: a1e56fd34408186e4bbccfd4996cb3dc -> 
  custom:container-muxer-webm: aa71ff27fc2769a1b78a27578f13a17b -> 
  custom:container-demuxer-webm: 4f35f7cbe854078d1ac9338744f61a02 -> 
  custom:container-demuxer-ogg: 62fdf1f143b41e24485cea50d1cbac27 -> 
  custom:video-encoder-webm-vp8: eb34c28f22e8b96e1ab97ce403110664 -> 
  custom:video-decoder-webm-vp8: 9c59270c3fd7afecdb556c50c9e8de78 -> 
  custom:audio-decoder-ogg-vorbis: bf7c407c2cedff20999df2af8eb42d56 -> 
  custom:audio-encoder-webm-vorbis: bf7c407c2cedff20999df2af8eb42d56 -> 
AssetImportWorkerClient::OnTransportError - code=2 error=End of file
